HTTP-Type: HTTP Request
Source-Address: 5c:e0:c5:a0:d7:91
Destination-Address: c8:91:f9:31:bf:0a
Destination_Port: 80
Source_Port: 49172

HTTP-Type: HTTP Request
Source-Address: 5c:e0:c5:a0:d7:91
Destination-Address: c8:91:f9:31:bf:0a
Destination_Port: 80
Source_Port: 49172
GET /ping?h=bbc.co.uk&p=%2F%3Fuk&u=a3vR7DDvZG3DVXJdj&d=bbc.co.uk&g=50924&g0=Homepage%20v5%20UK&g1=Homepage%20v5%20UK&n=0&f=50033&c=2.5&x=0&m=0&y=6449&o=1351&w=598&j=150&R=0&W=0&I=1&E=0&e=0&r=&b=2790&t=CCBfsPj66cTCrrsnKDCwqEdYkkr-&V=89&tz=0&sn=4&EE=0&sv=CwEM7dB72oKVRCI0tBy7XzwYaDgA&_ HTTP/1.1
HTTP-Type: HTTP Request
Source-Address: 5c:e0:c5:a0:d7:91
Destination-Address: c8:91:f9:31:bf:0a
Destination_Port: 80
Source_Port: 49172
Accept-Language: en-US,en;q=0.5
HTTP-Type: HTTP Request
Source-Address: 5c:e0:c5:a0:d7:91
Destination-Address: c8:91:f9:31:bf:0a
Destination_Port: 80
Source_Port: 49172
Accept-Encoding: gzip, deflate
HTTP-Type: HTTP Request
Source-Address: 5c:e0:c5:a0:d7:91
Destination-Address: c8:91:f9:31:bf:0a
Destination_Port: 80
Source_Port: 49172
Host: ping.chartbeat.net
HTTP-Type: HTTP Request
Source-Address: 5c:e0:c5:a0:d7:91
Destination-Address: c8:91:f9:31:bf:0a
Destination_Port: 80
Source_Port: 49172
Accept: image/png,image/*;q=0.8,*/*;q=0.5
HTTP-Type: HTTP Request
Source-Address: 5c:e0:c5:a0:d7:91
Destination-Address: c8:91:f9:31:bf:0a
Destination_Port: 80
Source_Port: 49172
User-Agent: Mozilla/5.0 (X11; Linux i686; rv:45.0) Gecko/20100101 Firefox/45.0
HTTP-Type: HTTP Request
Source-Address: 5c:e0:c5:a0:d7:91
Destination-Address: c8:91:f9:31:bf:0a
Destination_Port: 80
Source_Port: 49172
DNT: 1
HTTP-Type: HTTP Request
Source-Address: 5c:e0:c5:a0:d7:91
Destination-Address: c8:91:f9:31:bf:0a
Destination_Port: 80
Source_Port: 49172
Connection: keep-alive
HTTP-Type: HTTP Request
Source-Address: 5c:e0:c5:a0:d7:91
Destination-Address: c8:91:f9:31:bf:0a
Destination_Port: 80
Source_Port: 49172
Referer: http://www.bbc.co.uk/
HTTP-Type: HTTP Responce
Source-Address: c8:91:f9:31:bf:0a
Destination-Address: 5c:e0:c5:a0:d7:91
Destination_Port: 49172
Source_Port: 80
HTTP/1.1 200 OK Content-Length: 43HTTP/1.1 200 OK Content-Length: 43

HTTP-Type: HTTP Responce
Source-Address: c8:91:f9:31:bf:0a
Destination-Address: 5c:e0:c5:a0:d7:91
Destination_Port: 49172
Source_Port: 80
Expires: 0

HTTP-Type: HTTP Responce
Source-Address: c8:91:f9:31:bf:0a
Destination-Address: 5c:e0:c5:a0:d7:91
Destination_Port: 49172
Source_Port: 80
Connection: keep-alive

HTTP-Type: HTTP Responce
Source-Address: c8:91:f9:31:bf:0a
Destination-Address: 5c:e0:c5:a0:d7:91
Destination_Port: 49172
Source_Port: 80
Pragma: no-cache

HTTP-Type: HTTP Responce
Source-Address: c8:91:f9:31:bf:0a
Destination-Address: 5c:e0:c5:a0:d7:91
Destination_Port: 49172
Source_Port: 80
Cache-Control: no-cache, no-store, must-revalidate

HTTP-Type: HTTP Responce
Source-Address: c8:91:f9:31:bf:0a
Destination-Address: 5c:e0:c5:a0:d7:91
Destination_Port: 49172
Source_Port: 80
Content-Type: image/gif

HTTP-Type: HTTP Responce
Source-Address: c8:91:f9:31:bf:0a
Destination-Address: 5c:e0:c5:a0:d7:91
Destination_Port: 49172
Source_Port: 80

HTTP-Type: HTTP Responce
Source-Address: c8:91:f9:31:bf:0a
Destination-Address: 5c:e0:c5:a0:d7:91
Destination_Port: 49172
Source_Port: 80

HTTP-Type: HTTP Request
Source-Address: 5c:e0:c5:a0:d7:91
Destination-Address: c8:91:f9:31:bf:0a
Destination_Port: 80
Source_Port: 55480
Load: fname=test&sname=test&email=test%40test.com&website=test&comment=this+is+a+test&contact-form-id=4&action=grunion-contact-form
fname=test&sname=test&email=test%40test.com&website=test&comment=this+is+a+test&contact-form-id=4&action=grunion-contact-form
HTTP-Type: HTTP Request
Source-Address: 5c:e0:c5:a0:d7:91
Destination-Address: c8:91:f9:31:bf:0a
Destination_Port: 80
Source_Port: 55480
Load: fname=test&sname=test&email=test%40test.com&website=test&comment=this+is+a+test&contact-form-id=4&action=grunion-contact-form
POST /Comments.php HTTP/1.1
HTTP-Type: HTTP Request
Source-Address: 5c:e0:c5:a0:d7:91
Destination-Address: c8:91:f9:31:bf:0a
Destination_Port: 80
Source_Port: 55480
Load: fname=test&sname=test&email=test%40test.com&website=test&comment=this+is+a+test&contact-form-id=4&action=grunion-contact-form
Content-Length: 125
HTTP-Type: HTTP Request
Source-Address: 5c:e0:c5:a0:d7:91
Destination-Address: c8:91:f9:31:bf:0a
Destination_Port: 80
Source_Port: 55480
Load: fname=test&sname=test&email=test%40test.com&website=test&comment=this+is+a+test&contact-form-id=4&action=grunion-contact-form
Accept-Language: en-US,en;q=0.5
HTTP-Type: HTTP Request
Source-Address: 5c:e0:c5:a0:d7:91
Destination-Address: c8:91:f9:31:bf:0a
Destination_Port: 80
Source_Port: 55480
Load: fname=test&sname=test&email=test%40test.com&website=test&comment=this+is+a+test&contact-form-id=4&action=grunion-contact-form
Accept-Encoding: gzip, deflate
HTTP-Type: HTTP Request
Source-Address: 5c:e0:c5:a0:d7:91
Destination-Address: c8:91:f9:31:bf:0a
Destination_Port: 80
Source_Port: 55480
Load: fname=test&sname=test&email=test%40test.com&website=test&comment=this+is+a+test&contact-form-id=4&action=grunion-contact-form
Host: mbayoungenterprise.com
HTTP-Type: HTTP Request
Source-Address: 5c:e0:c5:a0:d7:91
Destination-Address: c8:91:f9:31:bf:0a
Destination_Port: 80
Source_Port: 55480
Load: fname=test&sname=test&email=test%40test.com&website=test&comment=this+is+a+test&contact-form-id=4&action=grunion-contact-form
Accept: text/html,application/xhtml+xml,application/xml;q=0.9,*/*;q=0.8
HTTP-Type: HTTP Request
Source-Address: 5c:e0:c5:a0:d7:91
Destination-Address: c8:91:f9:31:bf:0a
Destination_Port: 80
Source_Port: 55480
Load: fname=test&sname=test&email=test%40test.com&website=test&comment=this+is+a+test&contact-form-id=4&action=grunion-contact-form
User-Agent: Mozilla/5.0 (X11; Linux i686; rv:45.0) Gecko/20100101 Firefox/45.0
HTTP-Type: HTTP Request
Source-Address: 5c:e0:c5:a0:d7:91
Destination-Address: c8:91:f9:31:bf:0a
Destination_Port: 80
Source_Port: 55480
Load: fname=test&sname=test&email=test%40test.com&website=test&comment=this+is+a+test&contact-form-id=4&action=grunion-contact-form
DNT: 1
HTTP-Type: HTTP Request
Source-Address: 5c:e0:c5:a0:d7:91
Destination-Address: c8:91:f9:31:bf:0a
Destination_Port: 80
Source_Port: 55480
Load: fname=test&sname=test&email=test%40test.com&website=test&comment=this+is+a+test&contact-form-id=4&action=grunion-contact-form
Connection: keep-alive
HTTP-Type: HTTP Request
Source-Address: 5c:e0:c5:a0:d7:91
Destination-Address: c8:91:f9:31:bf:0a
Destination_Port: 80
Source_Port: 55480
Load: fname=test&sname=test&email=test%40test.com&website=test&comment=this+is+a+test&contact-form-id=4&action=grunion-contact-form
Referer: http://mbayoungenterprise.com/contact.html
HTTP-Type: HTTP Request
Source-Address: 5c:e0:c5:a0:d7:91
Destination-Address: c8:91:f9:31:bf:0a
Destination_Port: 80
Source_Port: 55480
Load: fname=test&sname=test&email=test%40test.com&website=test&comment=this+is+a+test&contact-form-id=4&action=grunion-contact-form
Content-Type: application/x-www-form-urlencoded
HTTP-Type: HTTP Request
Source-Address: 5c:e0:c5:a0:d7:91
Destination-Address: c8:91:f9:31:bf:0a
Destination_Port: 80
Source_Port: 55480
Load: fname=test&sname=test&email=test%40test.com&website=test&comment=this+is+a+test&contact-form-id=4&action=grunion-contact-form

HTTP-Type: HTTP Responce
Source-Address: c8:91:f9:31:bf:0a
Destination-Address: 5c:e0:c5:a0:d7:91
Destination_Port: 55480
Source_Port: 80
HTTP/1.1 200 OK Content-Encoding: gzipHTTP/1.1 200 OK Content-Encoding: gzip

HTTP-Type: HTTP Responce
Source-Address: c8:91:f9:31:bf:0a
Destination-Address: 5c:e0:c5:a0:d7:91
Destination_Port: 55480
Source_Port: 80
Transfer-Encoding: chunked

HTTP-Type: HTTP Responce
Source-Address: c8:91:f9:31:bf:0a
Destination-Address: 5c:e0:c5:a0:d7:91
Destination_Port: 55480
Source_Port: 80

HTTP-Type: HTTP Responce
Source-Address: c8:91:f9:31:bf:0a
Destination-Address: 5c:e0:c5:a0:d7:91
Destination_Port: 55480
Source_Port: 80
Keep-Alive: timeout=15

HTTP-Type: HTTP Responce
Source-Address: c8:91:f9:31:bf:0a
Destination-Address: 5c:e0:c5:a0:d7:91
Destination_Port: 55480
Source_Port: 80
Server: Apache

HTTP-Type: HTTP Responce
Source-Address: c8:91:f9:31:bf:0a
Destination-Address: 5c:e0:c5:a0:d7:91
Destination_Port: 55480
Source_Port: 80
Connection: keep-alive

HTTP-Type: HTTP Responce
Source-Address: c8:91:f9:31:bf:0a
Destination-Address: 5c:e0:c5:a0:d7:91
Destination_Port: 55480
Source_Port: 80
Date: Mon, 06 Feb 2017 18:04:35 GMT

HTTP-Type: HTTP Responce
Source-Address: c8:91:f9:31:bf:0a
Destination-Address: 5c:e0:c5:a0:d7:91
Destination_Port: 55480
Source_Port: 80
Content-Type: text/html; charset=UTF-8

HTTP-Type: HTTP Responce
Source-Address: c8:91:f9:31:bf:0a
Destination-Address: 5c:e0:c5:a0:d7:91
Destination_Port: 55480
Source_Port: 80

HTTP-Type: HTTP Responce
Source-Address: c8:91:f9:31:bf:0a
Destination-Address: 5c:e0:c5:a0:d7:91
Destination_Port: 55480
Source_Port: 80

HTTP-Type: HTTP Responce
Source-Address: c8:91:f9:31:bf:0a
Destination-Address: 5c:e0:c5:a0:d7:91
Destination_Port: 55480
Source_Port: 80

HTTP-Type: HTTP Responce
Source-Address: c8:91:f9:31:bf:0a
Destination-Address: 5c:e0:c5:a0:d7:91
Destination_Port: 55480
Source_Port: 80

HTTP-Type: HTTP Responce
Source-Address: c8:91:f9:31:bf:0a
Destination-Address: 5c:e0:c5:a0:d7:91
Destination_Port: 55480
Source_Port: 80

HTTP-Type: HTTP Responce
Source-Address: c8:91:f9:31:bf:0a
Destination-Address: 5c:e0:c5:a0:d7:91
Destination_Port: 55480
Source_Port: 80

HTTP-Type: HTTP Responce
Source-Address: c8:91:f9:31:bf:0a
Destination-Address: 5c:e0:c5:a0:d7:91
Destination_Port: 55480
Source_Port: 80

HTTP-Type: HTTP Responce
Source-Address: c8:91:f9:31:bf:0a
Destination-Address: 5c:e0:c5:a0:d7:91
Destination_Port: 55480
Source_Port: 80

